/usr/libexec/dbus-1/dbus-daemon-launch-helper
/usr/lib/polkit-1/polkit-agent-helper-1
/usr/bin/crontab
/usr/bin/at
/usr/bin/pkexec
/usr/bin/chage
/usr/bin/chsh
/usr/bin/gpasswd
/usr/bin/su
/usr/bin/passwd
/usr/bin/mount
/usr/bin/newgrp
/usr/bin/umount
/usr/bin/chfn
/usr/bin/sudo
/usr/sbin/pam_timestamp_check
/usr/sbin/unix_chkpwd
/usr/sbin/usernetctl
/home/lc/study/Cpower/chapter4/setuid2
/home/lc/study/Cpower/chapter4/mycat
/home/lc/study/Cpower/chapter4/seteuid
/home/lc/study/Cpower/chapter4/seteuid2
